<?xml version="1.0" encoding="UTF-8"?>
<!-- Generated by org.testng.reporters.JUnitReportReporter -->
<testsuite hostname="HQ-TECH-L1308" failures="0" tests="1" name="Utility.Vlog" time="33.013" errors="0" timestamp="2024-02-22T22:05:21 WAT" skipped="0">
  <testcase classname="Utility.Vlog" name="login" time="33.013"/>
  <system-out/>
</testsuite> <!-- Utility.Vlog -->
