<?xml version="1.0" encoding="UTF-8"?>
<!-- Generated by org.testng.reporters.JUnitReportReporter -->
<testsuite hostname="Fagbohungbes-MacBook-Pro.local" failures="0" tests="1" name="test.homepage" time="0.007" errors="0" timestamp="2022-11-11T18:16:42 WAT" skipped="0">
  <testcase classname="test.homepage" name="navigateToHomePage" time="0.007"/>
  <system-out/>
</testsuite> <!-- test.homepage -->
