<?xml version="1.0" encoding="UTF-8"?>
<!-- Generated by org.testng.reporters.JUnitReportReporter -->
<testsuite hostname="FagbohungbesMBP" failures="0" tests="1" name="test.logins" time="50.009" errors="0" timestamp="2023-04-26T21:23:55 WAT" skipped="0">
  <testcase classname="test.logins" name="Login" time="50.009"/>
  <system-out/>
</testsuite> <!-- test.logins -->
