<?xml version="1.0" encoding="UTF-8"?>
<!-- Generated by org.testng.reporters.JUnitReportReporter -->
<testsuite hostname="HQ-TECH-L1308" failures="0" tests="2" name="test.login" time="73.807" errors="0" timestamp="2024-03-01T16:22:52 WAT" skipped="0">
  <testcase classname="test.login" name="InvalidLoginTest" time="14.674"/>
  <system-out/>
  <testcase classname="test.login" name="LoginTest" time="59.133"/>
  <system-out/>
</testsuite> <!-- test.login -->
