<?xml version="1.0" encoding="UTF-8"?>
<!-- Generated by org.testng.reporters.JUnitReportReporter -->
<testsuite hostname="HQ-TECH-L1308" failures="0" tests="1" name="test.fundAccount" time="89.532" errors="0" timestamp="2024-03-01T16:34:49 WAT" skipped="0">
  <testcase classname="test.fundAccount" name="ValidLoginTestToHomepage" time="89.532"/>
  <system-out/>
</testsuite> <!-- test.fundAccount -->
